Microsoft (R) Macro Assembler Version 12.00.30501.0	    02/17/15 14:46:53
%Programming Assignment 5 (prog05.asm			     Page 1 - 1


				TITLE Programming Assignment 5 (prog05.asm)

				; Author: David Rigert
				; CS271 / #05                 Date: 2/17/2015
				; Description: This program prompts the user for a number (10 to 200) of random
				;              integers to generate, generates numbers between 100 and 999, and
				;              stores them in consecutive elements on an array.
				;              The program then displays the unsorted numbers, 10 per line,
				;              sorts the list in descending order, calculates and displays the
				;              median rounded to the nearest integer, and then displays the
				;              sorted list, 10 per line.

				INCLUDE Irvine32.inc
			      C ; Include file for Irvine32.lib             (Irvine32.inc)
			      C 
			      C ;OPTION CASEMAP:NONE		; optional: make identifiers case-sensitive
			      C 
			      C INCLUDE SmallWin.inc		; MS-Windows prototypes, structures, and constants
			      C .NOLIST
			      C .LIST
			      C 
			      C INCLUDE VirtualKeys.inc
			      C ; VirtualKeys.inc
			      C .NOLIST
			      C .LIST
			      C 
			      C 
			      C .NOLIST
			      C .LIST
			      C 

 00000000			.const
 = 0000000A			MIN_REQUEST = 10         ; minimum number of numbers to generate
 = 000000C8			MAX_REQUEST = 200        ; maximum number of numbers to generate
 = 00000064			LOW_RAND = 100           ; lowest random number to generate
 = 000003E7			HIGH_RAND = 999          ; highest random number to generate
 = 00000009			TAB = 9                  ; ASCII value of the tab character
 = 0000000A			NUMS_PER_ROW = 10        ; number of numbers to display per row

 00000000			.data
 00000000 52 61 6E 64 6F	intro1    BYTE      "Random Number Generator and Sorter     by David Rigert",13,10,13,10
	   6D 20 4E 75 6D
	   62 65 72 20 47
	   65 6E 65 72 61
	   74 6F 72 20 61
	   6E 64 20 53 6F
	   72 74 65 72 20
	   20 20 20 20 62
	   79 20 44 61 76
	   69 64 20 52 69
	   67 65 72 74 0D
	   0A 0D 0A
 0000003A  54 68 69 73 20	          BYTE      "This program generates random numbers between ", 0
	   70 72 6F 67 72
	   61 6D 20 67 65
	   6E 65 72 61 74
	   65 73 20 72 61
	   6E 64 6F 6D 20
	   6E 75 6D 62 65
	   72 73 20 62 65
	   74 77 65 65 6E
	   20 00
 00000069 20 61 6E 64 20	intro2    BYTE      " and ",0
	   00
 0000006F 2E 0D 0A 49 74	intro3    BYTE      ".",13,10,"It then displays the original list, sorts it, "
	   20 74 68 65 6E
	   20 64 69 73 70
	   6C 61 79 73 20
	   74 68 65 20 6F
	   72 69 67 69 6E
	   61 6C 20 6C 69
	   73 74 2C 20 73
	   6F 72 74 73 20
	   69 74 2C 20
 000000A0  63 61 6C 63 75	          BYTE      "calculates and ",13,10,"displays the median value, "
	   6C 61 74 65 73
	   20 61 6E 64 20
	   0D 0A 64 69 73
	   70 6C 61 79 73
	   20 74 68 65 20
	   6D 65 64 69 61
	   6E 20 76 61 6C
	   75 65 2C 20
 000000CC  61 6E 64 20 66	          BYTE      "and finally displays the values sorted in descending order.",0
	   69 6E 61 6C 6C
	   79 20 64 69 73
	   70 6C 61 79 73
	   20 74 68 65 20
	   76 61 6C 75 65
	   73 20 73 6F 72
	   74 65 64 20 69
	   6E 20 64 65 73
	   63 65 6E 64 69
	   6E 67 20 6F 72
	   64 65 72 2E 00
 00000108  54 68 69 73 20	          BYTE      "This program can display up to ",0
	   70 72 6F 67 72
	   61 6D 20 63 61
	   6E 20 64 69 73
	   70 6C 61 79 20
	   75 70 20 74 6F
	   20 00
 00000128 4E 75 6D 62 65	prompt1   BYTE      "Number of random numbers to generate [",0
	   72 20 6F 66 20
	   72 61 6E 64 6F
	   6D 20 6E 75 6D
	   62 65 72 73 20
	   74 6F 20 67 65
	   6E 65 72 61 74
	   65 20 5B 00
 0000014F 20 2E 2E 20 00	prompt2   BYTE      " .. ",0
 00000154 5D 3A 20 00		prompt3   BYTE      "]: ",0
 00000158 49 6E 76 61 6C	inputErr  BYTE      "Invalid input. Try again.",0
	   69 64 20 69 6E
	   70 75 74 2E 20
	   54 72 79 20 61
	   67 61 69 6E 2E
	   00

 00000172 00000000		request   SDWORD    ?    ; number of random numbers to generate
 00000176  000000C8 [		numArray  WORD      MAX_REQUEST DUP(0)  ; holds the random numbers
	    0000
	   ]
 00000306 00000000		arrCount  DWORD     0    ; number of elements in array


 00000000			.code
 00000000			main PROC
 00000000  E8 00000011		     call displayIntro   ; display the program introduction
				     
 00000005  68 00000172 R	     push OFFSET request ; pointer to variable that will hold user input
 0000000A  E8 00000048		     call getUserData    ; get number from user and store in request argument
				     

				     exit                ; exit to operating system
 0000000F  6A 00	   *	    push   +000000000h
 00000011  E8 00000000 E   *	    call   ExitProcess
 00000016			main ENDP

				;------------------------------------------------------------------------------
				; Displays the program introduction message.
				;------------------------------------------------------------------------------
 00000016			displayIntro PROC USES eax edx
 00000016  50		   *	    push   eax
 00000017  52		   *	    push   edx
 00000018  BA 00000000 R	     mov  edx, OFFSET intro1
 0000001D  E8 00000000 E	     call WriteString    ; display part 1 of intro
 00000022  B8 00000064		     mov  eax, LOW_RAND
 00000027  E8 00000000 E	     call WriteDec       ; display lowest possible random number
 0000002C  BA 00000069 R	     mov  edx, OFFSET intro2
 00000031  E8 00000000 E	     call WriteString    ; display middle of intro
 00000036  B8 000003E7		     mov  eax, HIGH_RAND
 0000003B  E8 00000000 E	     call WriteDec       ; display highest possible random number
 00000040  BA 0000006F R	     mov  edx, OFFSET intro3
 00000045  E8 00000000 E	     call WriteString    ; display remainder of intro
 0000004A  E8 00000000 E	     call Crlf
 0000004F  E8 00000000 E	     call Crlf
				     ret
 00000054  5A		   *	    pop    edx
 00000055  58		   *	    pop    eax
 00000056  C3		   *	    ret    00000h
 00000057			displayIntro ENDP

				;------------------------------------------------------------------------------
				; Gets a number between MIN_REQUEST and MAX_REQUEST from the user
				; and stores it in parameter.
				; Receives:    Reference to DWORD to store user input (EBP + 8)
				; Returns:     Parameter contains the validated user input
				;------------------------------------------------------------------------------
 00000057			getUserData PROC
 00000057  55			     push ebp                 ; save original EBP on stack
 00000058  8B EC		     mov  ebp, esp            ; copy current ESP to EBP
 0000005A  50			     push eax                 ; save current register values on stack
 0000005B  52			     push edx

 0000005C			getInput:
 0000005C  BA 00000128 R	     mov  edx, OFFSET prompt1
 00000061  E8 00000000 E	     call WriteString         ; display input prompt
 00000066  B8 0000000A		     mov  eax, MIN_REQUEST
 0000006B  E8 00000000 E	     call WriteDec            ; min input value
 00000070  BA 0000014F R	     mov  edx, OFFSET prompt2
 00000075  E8 00000000 E	     call WriteString         ; middle of input prompt
 0000007A  B8 000000C8		     mov  eax, MAX_REQUEST
 0000007F  E8 00000000 E	     call WriteDec            ; max input value
 00000084  BA 00000154 R	     mov  edx, OFFSET prompt3
 00000089  E8 00000000 E	     call WriteString         ; rest of input prompt
 0000008E  E8 00000000 E	     call ReadInt             ; get numeric input
 00000093  E8 00000015		     call validateNum         ; verify validity of input
 00000098  83 F8 00		     cmp  eax, 0              ; test if input was valid
 0000009B  74 BF		     je   getInput            ; go back to beginning if invalid
				     
				     ; we have valid input when execution reaches here
 0000009D  8B 55 08		     mov  edx, [ebp+8]        ; copy pointer to edx
 000000A0  89 02		     mov  [edx], eax          ; copy valid input to memory address
				     
 000000A2  E8 00000000 E	     call Crlf                ; display line feed
 000000A7  5A			     pop  edx                 ; restore registers
 000000A8  58			     pop  eax
 000000A9  5D			     pop  ebp
 000000AA  C2 0004		     ret  4                   ; take parameter off of stack
 000000AD			getUserData ENDP

				;------------------------------------------------------------------------------
				; Makes sure the number in EAX is between MIN_REQUEST and MAX_REQUEST.
				; Displays an error message and sets EAX to 0 if out of range.
				; Receives:    EAX contains the number to be validated
				; Returns:     EAX contains the validated number if valid or 0 if invalid
				;------------------------------------------------------------------------------
 000000AD			validateNum PROC USES edx
 000000AD  52		   *	    push   edx
 000000AE  83 F8 0A		     cmp  eax, MIN_REQUEST    ; compare against min valid input
 000000B1  7C 09		     jl   invalidInput        ; jump if eax < MIN_REQUEST
 000000B3  3D 000000C8		     cmp  eax, MAX_REQUEST    ; compare against max valid input
 000000B8  7F 02		     jg   invalidInput        ; jump if eax > MAX_REQUEST
 000000BA  EB 14		     jmp  validInput          ; input was valid if execution reaches here

 000000BC			invalidInput:                      ; invalid input
 000000BC  B8 00000000		     mov  eax, 0                   ; set EAX to 0
 000000C1  BA 00000158 R	     mov  edx, OFFSET inputErr
 000000C6  E8 00000000 E	     call WriteString              ; display error message
 000000CB  E8 00000000 E	     call Crlf
				     
 000000D0			validInput:    ; execution jumps to here if input was valid
				     ret
 000000D0  5A		   *	    pop    edx
 000000D1  C3		   *	    ret    00000h
 000000D2			validateNum ENDP

				; ;------------------------------------------------------------------------------
				; ; Displays the number of primes contained in EAX in a formatted list of
				; ; NUMS_PER_ROW in each row, with a "any key to continue" message every
				; ; LINES_PER_PAGE rows.
				; ; Receives:    EAX contains the number of primes to show
				; ;------------------------------------------------------------------------------
				; showPrimes PROC USES ebx ecx edx
				     ; push eax            ; save number entered by user on stack
				     ; mov  ecx, eax       ; set counter to number entered by user
				     ; mov  eax, 1         ; set eax to 1
				; displayPrime:
				     ; call getNextPrime   ; place next prime number in eax
				     ; call WriteDec       ; display prime in eax to terminal window
				     ; call printWhiteSpace; display tab, line feed, or Press any key message
				     ; loop displayPrime   ; loop for number of times entered by user
				     ; call Crlf
				     ; call Crlf
				     ; pop  eax            ; restore user input
				     ; ret
				; showPrimes ENDP

				; ;------------------------------------------------------------------------------
				; ; Prints a tab character if the current prime count is not a multiple of 10,
				; ; or a line feed if it is a multiple of 10. Also prints a "any key to continue"
				; ; message after displaying LINES_PER_PAGE rows.
				; ; Receives:    primeCount contains the number of primes printed so far
				; ;------------------------------------------------------------------------------
				; printWhiteSpace PROC USES eax ebx edx
				     ; mov  eax,primeCount ; copy number displayed so far to eax
				     ; cdq                 ; zero out edx
				     ; mov  ebx, NUMS_PER_ROW
				     ; div  ebx            ; divide by number of primes to display per row
				     ; cmp  edx, 0         ; test if multiple of 10 by remainder of 0
				     ; jne  not10th        ; jump if not a multiple of 10
				     ; call Crlf           ; print line feed if multiple of 10
				     ; jmp  anyKeyTest     ; test if Press any key message is required

				; not10th:     
				     ; call printTab       ; display a tab character
				     ; jmp  endWhiteSpace  ; done with whitespace

				; anyKeyTest:    ; now test if multiple of NUMS_PER_ROW * LINES_PER_PAGE
				     ; mov  eax,primeCount ; copy number displayed so far to eax
				     ; cdq                 ; zero out edx
				     ; mov  ebx, NUMS_PER_ROW * LINES_PER_PAGE
				     ; div  ebx            ; divide by NUMS_PER_ROW * LINES_PER_PAGE
				     ; cmp  edx, 0         ; test if multiple by remainder
				     ; jne  endWhiteSpace  ; jump to end if not a multiple
				     ; mov  edx, OFFSET continue
				     ; call WriteString    ; display Press any key message
				     ; call ReadChar       ; block until any key is pressed
				     ; call Crlf           ; display another line feed
				     
				; endWhiteSpace:
				     ; ret
				; printWhiteSpace ENDP

				; ;------------------------------------------------------------------------------
				; ; Gets the next prime number after the value in EAX.
				; ; Receives:    EAX contains the current prime number
				; ; Returns:     EAX contains the next prime number
				; ;------------------------------------------------------------------------------
				; getNextPrime PROC
				; tryNext:
				     ; inc  eax
				     ; call isPrime
				     ; cmp  ebx, 0         ; test if number is prime
				     ; je   tryNext        ; try next number if ebx=0 (isPrime is false)
				     ; ret                 ; number in eax is prime
				; getNextPrime ENDP

				; ;------------------------------------------------------------------------------
				; ; Tests whether the number in EAX is prime by dividing it by every number in primeDivisors.
				; ; If it is, stores it in the primeDivisors array and increments primeCount.
				; ; Receives:    EAX contains the number to test
				; ; Returns:     EBX is set to 1 if the number is prime, or 0 if it is not.
				; ;------------------------------------------------------------------------------
				; isPrime PROC USES ecx edx esi edi
				     ; push eax            ; save number being tested on stack
				     ; cmp  eax, 1         ; test if number <= 1
				     ; jle  notPrime       ; return not prime if <= 1
				     ; cmp  eax, 2         ; test if number is 2
				     ; je   prime          ; number is prime if 2
				     ; mov  edi,primeCount ; otherwise try to divide by numbers in primeDivisors
				     
				; tryDivide:
				     ; mov  eax, [esp]     ; put original number back into eax
				     ; cdq                 ; zero out edx
				     ; dec  edi            ; decrement array index
				     ; mov  ebx, primeDivisors[edi*4]     ; copy prime divisor to ebx
				     ; div  ebx            ; divide number by prime divisor
				     ; cmp  edx, 0         ; test if remainder is 0
				     ; je   notPrime       ; return not prime if remainder is 0
				     ; cmp  edi, 0         ; test if first element of array was reached
				     ; jg   tryDivide      ; repeat divide loop with new counter value
				     
				     ; ; number is prime if execution reaches here
				     ; mov  ebx, 1         ; set ebx to 1 (true) if prime
				     ; jmp  prime

				; notPrime:
				     ; mov  ebx, 0         ; set ebx to 0 (false) if not prime
				     ; jmp  endPrime       ; jump to end of procedure
				     
				; prime:
				     ; mov  esi,primeCount ; index to store result at in primeDivisors array
				     ; mov  eax, [esp]     ; copy original number back into eax
				     ; mov  primeDivisors[esi*4], eax     ; save prime to primeDivisors array
				     ; inc  primeCount     ; increment the prime counter

				; endPrime:
				     ; pop  eax; restore number
				     ; ret
				; isPrime ENDP

				; ;------------------------------------------------------------------------------
				; ; Prints a tab character to the terminal window.
				; ;------------------------------------------------------------------------------
				; printTab PROC USES eax
				     ; mov  al, TAB
				     ; call WriteChar      ; display tab character
				     ; ret
				; printTab ENDP

				; ;------------------------------------------------------------------------------
				; ; Prints the goodbye message to the terminal window.
				; ;------------------------------------------------------------------------------
				; farewell PROC USES edx
				     ; mov  edx, OFFSET goodbye
				     ; call WriteString
				     ; call Crlf
				     ; ret
				; farewell ENDP

				END main
Microsoft (R) Macro Assembler Version 12.00.30501.0	    02/17/15 14:46:53
%Programming Assignment 5 (prog05.asm			     Symbols 2 - 1




Structures and Unions:

                N a m e                  Size
                                         Offset      Type

CONSOLE_CURSOR_INFO  . . . . . .	 00000008
  dwSize . . . . . . . . . . . .	 00000000	 DWord
  bVisible . . . . . . . . . . .	 00000004	 DWord
CONSOLE_SCREEN_BUFFER_INFO . . .	 00000016
  dwSize . . . . . . . . . . . .	 00000000	 DWord
  dwCursorPosition . . . . . . .	 00000004	 DWord
  wAttributes  . . . . . . . . .	 00000008	 Word
  srWindow . . . . . . . . . . .	 0000000A	 QWord
  dwMaximumWindowSize  . . . . .	 00000012	 DWord
COORD  . . . . . . . . . . . . .	 00000004
  X  . . . . . . . . . . . . . .	 00000000	 Word
  Y  . . . . . . . . . . . . . .	 00000002	 Word
FILETIME . . . . . . . . . . . .	 00000008
  loDateTime . . . . . . . . . .	 00000000	 DWord
  hiDateTime . . . . . . . . . .	 00000004	 DWord
FOCUS_EVENT_RECORD . . . . . . .	 00000004
  bSetFocus  . . . . . . . . . .	 00000000	 DWord
FPU_ENVIRON  . . . . . . . . . .	 0000001C
  controlWord  . . . . . . . . .	 00000000	 Word
  statusWord . . . . . . . . . .	 00000004	 Word
  tagWord  . . . . . . . . . . .	 00000008	 Word
  instrPointerOffset . . . . . .	 0000000C	 DWord
  instrPointerSelector . . . . .	 00000010	 DWord
  operandPointerOffset . . . . .	 00000014	 DWord
  operandPointerSelector . . . .	 00000018	 Word
INPUT_RECORD . . . . . . . . . .	 00000014
  EventType  . . . . . . . . . .	 00000000	 Word
  Event  . . . . . . . . . . . .	 00000004	 XmmWord
  bKeyDown . . . . . . . . . . .	 00000000	 DWord
  wRepeatCount . . . . . . . . .	 00000004	 Word
  wVirtualKeyCode  . . . . . . .	 00000006	 Word
  wVirtualScanCode . . . . . . .	 00000008	 Word
  uChar  . . . . . . . . . . . .	 0000000A	 Word
  UnicodeChar  . . . . . . . . .	 00000000	 Word
  AsciiChar  . . . . . . . . . .	 00000000	 Byte
  dwControlKeyState  . . . . . .	 0000000C	 DWord
  dwMousePosition  . . . . . . .	 00000000	 DWord
  dwButtonState  . . . . . . . .	 00000004	 DWord
  dwMouseControlKeyState . . . .	 00000008	 DWord
  dwEventFlags . . . . . . . . .	 0000000C	 DWord
  dwSize . . . . . . . . . . . .	 00000000	 DWord
  dwCommandId  . . . . . . . . .	 00000000	 DWord
  bSetFocus  . . . . . . . . . .	 00000000	 DWord
KEY_EVENT_RECORD . . . . . . . .	 00000010
  bKeyDown . . . . . . . . . . .	 00000000	 DWord
  wRepeatCount . . . . . . . . .	 00000004	 Word
  wVirtualKeyCode  . . . . . . .	 00000006	 Word
  wVirtualScanCode . . . . . . .	 00000008	 Word
  uChar  . . . . . . . . . . . .	 0000000A	 Word
  UnicodeChar  . . . . . . . . .	 00000000	 Word
  AsciiChar  . . . . . . . . . .	 00000000	 Byte
  dwControlKeyState  . . . . . .	 0000000C	 DWord
MENU_EVENT_RECORD  . . . . . . .	 00000004
  dwCommandId  . . . . . . . . .	 00000000	 DWord
MOUSE_EVENT_RECORD . . . . . . .	 00000010
  dwMousePosition  . . . . . . .	 00000000	 DWord
  dwButtonState  . . . . . . . .	 00000004	 DWord
  dwMouseControlKeyState . . . .	 00000008	 DWord
  dwEventFlags . . . . . . . . .	 0000000C	 DWord
SMALL_RECT . . . . . . . . . . .	 00000008
  Left . . . . . . . . . . . . .	 00000000	 Word
  Top  . . . . . . . . . . . . .	 00000002	 Word
  Right  . . . . . . . . . . . .	 00000004	 Word
  Bottom . . . . . . . . . . . .	 00000006	 Word
SYSTEMTIME . . . . . . . . . . .	 00000010
  wYear  . . . . . . . . . . . .	 00000000	 Word
  wMonth . . . . . . . . . . . .	 00000002	 Word
  wDayOfWeek . . . . . . . . . .	 00000004	 Word
  wDay . . . . . . . . . . . . .	 00000006	 Word
  wHour  . . . . . . . . . . . .	 00000008	 Word
  wMinute  . . . . . . . . . . .	 0000000A	 Word
  wSecond  . . . . . . . . . . .	 0000000C	 Word
  wMilliseconds  . . . . . . . .	 0000000E	 Word
WINDOW_BUFFER_SIZE_RECORD  . . .	 00000004
  dwSize . . . . . . . . . . . .	 00000000	 DWord


Segments and Groups:

                N a m e                 Size     Length   Align   Combine Class

CONST  . . . . . . . . . . . . .	32 Bit	 00000000 Para	  Public  'CONST'	 ReadOnly
FLAT . . . . . . . . . . . . . .	GROUP
STACK  . . . . . . . . . . . . .	32 Bit	 00001000 Para	  Stack	  'STACK'	 
_DATA  . . . . . . . . . . . . .	32 Bit	 0000030A Para	  Public  'DATA'	
_TEXT  . . . . . . . . . . . . .	32 Bit	 000000D2 Para	  Public  'CODE'	


Procedures, parameters, and locals:

                N a m e                 Type     Value    Attr

CloseFile  . . . . . . . . . . .	P Near	 00000000 FLAT	Length= 00000000 External STDCALL
CloseHandle  . . . . . . . . . .	P Near	 00000000 FLAT	Length= 00000000 External STDCALL
Clrscr . . . . . . . . . . . . .	P Near	 00000000 FLAT	Length= 00000000 External STDCALL
CreateFileA  . . . . . . . . . .	P Near	 00000000 FLAT	Length= 00000000 External STDCALL
CreateOutputFile . . . . . . . .	P Near	 00000000 FLAT	Length= 00000000 External STDCALL
Crlf . . . . . . . . . . . . . .	P Near	 00000000 FLAT	Length= 00000000 External STDCALL
Delay  . . . . . . . . . . . . .	P Near	 00000000 FLAT	Length= 00000000 External STDCALL
DumpMem  . . . . . . . . . . . .	P Near	 00000000 FLAT	Length= 00000000 External STDCALL
DumpRegs . . . . . . . . . . . .	P Near	 00000000 FLAT	Length= 00000000 External STDCALL
ExitProcess  . . . . . . . . . .	P Near	 00000000 FLAT	Length= 00000000 External STDCALL
FileTimeToDosDateTime  . . . . .	P Near	 00000000 FLAT	Length= 00000000 External STDCALL
FileTimeToSystemTime . . . . . .	P Near	 00000000 FLAT	Length= 00000000 External STDCALL
FlushConsoleInputBuffer  . . . .	P Near	 00000000 FLAT	Length= 00000000 External STDCALL
FormatMessageA . . . . . . . . .	P Near	 00000000 FLAT	Length= 00000000 External STDCALL
GetCommandLineA  . . . . . . . .	P Near	 00000000 FLAT	Length= 00000000 External STDCALL
GetCommandTail . . . . . . . . .	P Near	 00000000 FLAT	Length= 00000000 External STDCALL
GetConsoleCP . . . . . . . . . .	P Near	 00000000 FLAT	Length= 00000000 External STDCALL
GetConsoleCursorInfo . . . . . .	P Near	 00000000 FLAT	Length= 00000000 External STDCALL
GetConsoleMode . . . . . . . . .	P Near	 00000000 FLAT	Length= 00000000 External STDCALL
GetConsoleScreenBufferInfo . . .	P Near	 00000000 FLAT	Length= 00000000 External STDCALL
GetDateTime  . . . . . . . . . .	P Near	 00000000 FLAT	Length= 00000000 External STDCALL
GetFileTime  . . . . . . . . . .	P Near	 00000000 FLAT	Length= 00000000 External STDCALL
GetKeyState  . . . . . . . . . .	P Near	 00000000 FLAT	Length= 00000000 External STDCALL
GetLastError . . . . . . . . . .	P Near	 00000000 FLAT	Length= 00000000 External STDCALL
GetLocalTime . . . . . . . . . .	P Near	 00000000 FLAT	Length= 00000000 External STDCALL
GetMaxXY . . . . . . . . . . . .	P Near	 00000000 FLAT	Length= 00000000 External STDCALL
GetMseconds  . . . . . . . . . .	P Near	 00000000 FLAT	Length= 00000000 External STDCALL
GetNumberOfConsoleInputEvents  .	P Near	 00000000 FLAT	Length= 00000000 External STDCALL
GetProcessHeap . . . . . . . . .	P Near	 00000000 FLAT	Length= 00000000 External STDCALL
GetStdHandle . . . . . . . . . .	P Near	 00000000 FLAT	Length= 00000000 External STDCALL
GetSystemTime  . . . . . . . . .	P Near	 00000000 FLAT	Length= 00000000 External STDCALL
GetTextColor . . . . . . . . . .	P Near	 00000000 FLAT	Length= 00000000 External STDCALL
GetTickCount . . . . . . . . . .	P Near	 00000000 FLAT	Length= 00000000 External STDCALL
Gotoxy . . . . . . . . . . . . .	P Near	 00000000 FLAT	Length= 00000000 External STDCALL
HeapAlloc  . . . . . . . . . . .	P Near	 00000000 FLAT	Length= 00000000 External STDCALL
HeapCreate . . . . . . . . . . .	P Near	 00000000 FLAT	Length= 00000000 External STDCALL
HeapDestroy  . . . . . . . . . .	P Near	 00000000 FLAT	Length= 00000000 External STDCALL
HeapFree . . . . . . . . . . . .	P Near	 00000000 FLAT	Length= 00000000 External STDCALL
HeapSize . . . . . . . . . . . .	P Near	 00000000 FLAT	Length= 00000000 External STDCALL
IsDigit  . . . . . . . . . . . .	P Near	 00000000 FLAT	Length= 00000000 External STDCALL
LocalFree  . . . . . . . . . . .	P Near	 00000000 FLAT	Length= 00000000 External STDCALL
MessageBoxA  . . . . . . . . . .	P Near	 00000000 FLAT	Length= 00000000 External STDCALL
MsgBoxAsk  . . . . . . . . . . .	P Near	 00000000 FLAT	Length= 00000000 External STDCALL
MsgBox . . . . . . . . . . . . .	P Near	 00000000 FLAT	Length= 00000000 External STDCALL
OpenInputFile  . . . . . . . . .	P Near	 00000000 FLAT	Length= 00000000 External STDCALL
ParseDecimal32 . . . . . . . . .	P Near	 00000000 FLAT	Length= 00000000 External STDCALL
ParseInteger32 . . . . . . . . .	P Near	 00000000 FLAT	Length= 00000000 External STDCALL
PeekConsoleInputA  . . . . . . .	P Near	 00000000 FLAT	Length= 00000000 External STDCALL
Random32 . . . . . . . . . . . .	P Near	 00000000 FLAT	Length= 00000000 External STDCALL
RandomRange  . . . . . . . . . .	P Near	 00000000 FLAT	Length= 00000000 External STDCALL
Randomize  . . . . . . . . . . .	P Near	 00000000 FLAT	Length= 00000000 External STDCALL
ReadChar . . . . . . . . . . . .	P Near	 00000000 FLAT	Length= 00000000 External STDCALL
ReadConsoleA . . . . . . . . . .	P Near	 00000000 FLAT	Length= 00000000 External STDCALL
ReadConsoleInputA  . . . . . . .	P Near	 00000000 FLAT	Length= 00000000 External STDCALL
ReadDec  . . . . . . . . . . . .	P Near	 00000000 FLAT	Length= 00000000 External STDCALL
ReadFile . . . . . . . . . . . .	P Near	 00000000 FLAT	Length= 00000000 External STDCALL
ReadFloat  . . . . . . . . . . .	P Near	 00000000 FLAT	Length= 00000000 External STDCALL
ReadFromFile . . . . . . . . . .	P Near	 00000000 FLAT	Length= 00000000 External STDCALL
ReadHex  . . . . . . . . . . . .	P Near	 00000000 FLAT	Length= 00000000 External STDCALL
ReadInt  . . . . . . . . . . . .	P Near	 00000000 FLAT	Length= 00000000 External STDCALL
ReadKeyFlush . . . . . . . . . .	P Near	 00000000 FLAT	Length= 00000000 External STDCALL
ReadKey  . . . . . . . . . . . .	P Near	 00000000 FLAT	Length= 00000000 External STDCALL
ReadString . . . . . . . . . . .	P Near	 00000000 FLAT	Length= 00000000 External STDCALL
SetConsoleCursorInfo . . . . . .	P Near	 00000000 FLAT	Length= 00000000 External STDCALL
SetConsoleCursorPosition . . . .	P Near	 00000000 FLAT	Length= 00000000 External STDCALL
SetConsoleMode . . . . . . . . .	P Near	 00000000 FLAT	Length= 00000000 External STDCALL
SetConsoleScreenBufferSize . . .	P Near	 00000000 FLAT	Length= 00000000 External STDCALL
SetConsoleTextAttribute  . . . .	P Near	 00000000 FLAT	Length= 00000000 External STDCALL
SetConsoleTitleA . . . . . . . .	P Near	 00000000 FLAT	Length= 00000000 External STDCALL
SetConsoleWindowInfo . . . . . .	P Near	 00000000 FLAT	Length= 00000000 External STDCALL
SetFilePointer . . . . . . . . .	P Near	 00000000 FLAT	Length= 00000000 External STDCALL
SetLocalTime . . . . . . . . . .	P Near	 00000000 FLAT	Length= 00000000 External STDCALL
SetTextColor . . . . . . . . . .	P Near	 00000000 FLAT	Length= 00000000 External STDCALL
ShowFPUStack . . . . . . . . . .	P Near	 00000000 FLAT	Length= 00000000 External STDCALL
Sleep  . . . . . . . . . . . . .	P Near	 00000000 FLAT	Length= 00000000 External STDCALL
StrLength  . . . . . . . . . . .	P Near	 00000000 FLAT	Length= 00000000 External STDCALL
Str_compare  . . . . . . . . . .	P Near	 00000000 FLAT	Length= 00000000 External STDCALL
Str_copy . . . . . . . . . . . .	P Near	 00000000 FLAT	Length= 00000000 External STDCALL
Str_length . . . . . . . . . . .	P Near	 00000000 FLAT	Length= 00000000 External STDCALL
Str_trim . . . . . . . . . . . .	P Near	 00000000 FLAT	Length= 00000000 External STDCALL
Str_ucase  . . . . . . . . . . .	P Near	 00000000 FLAT	Length= 00000000 External STDCALL
SystemTimeToFileTime . . . . . .	P Near	 00000000 FLAT	Length= 00000000 External STDCALL
WaitMsg  . . . . . . . . . . . .	P Near	 00000000 FLAT	Length= 00000000 External STDCALL
WriteBinB  . . . . . . . . . . .	P Near	 00000000 FLAT	Length= 00000000 External STDCALL
WriteBin . . . . . . . . . . . .	P Near	 00000000 FLAT	Length= 00000000 External STDCALL
WriteChar  . . . . . . . . . . .	P Near	 00000000 FLAT	Length= 00000000 External STDCALL
WriteConsoleA  . . . . . . . . .	P Near	 00000000 FLAT	Length= 00000000 External STDCALL
WriteConsoleOutputAttribute  . .	P Near	 00000000 FLAT	Length= 00000000 External STDCALL
WriteConsoleOutputCharacterA . .	P Near	 00000000 FLAT	Length= 00000000 External STDCALL
WriteDec . . . . . . . . . . . .	P Near	 00000000 FLAT	Length= 00000000 External STDCALL
WriteFile  . . . . . . . . . . .	P Near	 00000000 FLAT	Length= 00000000 External STDCALL
WriteFloat . . . . . . . . . . .	P Near	 00000000 FLAT	Length= 00000000 External STDCALL
WriteHexB  . . . . . . . . . . .	P Near	 00000000 FLAT	Length= 00000000 External STDCALL
WriteHex . . . . . . . . . . . .	P Near	 00000000 FLAT	Length= 00000000 External STDCALL
WriteInt . . . . . . . . . . . .	P Near	 00000000 FLAT	Length= 00000000 External STDCALL
WriteStackFrameName  . . . . . .	P Near	 00000000 FLAT	Length= 00000000 External STDCALL
WriteStackFrame  . . . . . . . .	P Near	 00000000 FLAT	Length= 00000000 External STDCALL
WriteString  . . . . . . . . . .	P Near	 00000000 FLAT	Length= 00000000 External STDCALL
WriteToFile  . . . . . . . . . .	P Near	 00000000 FLAT	Length= 00000000 External STDCALL
WriteWindowsMsg  . . . . . . . .	P Near	 00000000 FLAT	Length= 00000000 External STDCALL
displayIntro . . . . . . . . . .	P Near	 00000016 _TEXT	Length= 00000041 Public STDCALL
getUserData  . . . . . . . . . .	P Near	 00000057 _TEXT	Length= 00000056 Public STDCALL
  getInput . . . . . . . . . . .	L Near	 0000005C _TEXT	
main . . . . . . . . . . . . . .	P Near	 00000000 _TEXT	Length= 00000016 Public STDCALL
printf . . . . . . . . . . . . .	P Near	 00000000 FLAT	Length= 00000000 External C
scanf  . . . . . . . . . . . . .	P Near	 00000000 FLAT	Length= 00000000 External C
validateNum  . . . . . . . . . .	P Near	 000000AD _TEXT	Length= 00000025 Public STDCALL
  invalidInput . . . . . . . . .	L Near	 000000BC _TEXT	
  validInput . . . . . . . . . .	L Near	 000000D0 _TEXT	
wsprintfA  . . . . . . . . . . .	P Near	 00000000 FLAT	Length= 00000000 External C


Symbols:

                N a m e                 Type     Value    Attr

@CodeSize  . . . . . . . . . . .	Number	 00000000h   
@DataSize  . . . . . . . . . . .	Number	 00000000h   
@Interface . . . . . . . . . . .	Number	 00000003h   
@Model . . . . . . . . . . . . .	Number	 00000007h   
@code  . . . . . . . . . . . . .	Text   	 _TEXT
@data  . . . . . . . . . . . . .	Text   	 FLAT
@fardata?  . . . . . . . . . . .	Text   	 FLAT
@fardata . . . . . . . . . . . .	Text   	 FLAT
@stack . . . . . . . . . . . . .	Text   	 FLAT
ALT_MASK . . . . . . . . . . . .	Number	 00000003h   
CAPSLOCK_ON  . . . . . . . . . .	Number	 00000080h   
CREATE_ALWAYS  . . . . . . . . .	Number	 00000002h   
CREATE_NEW . . . . . . . . . . .	Number	 00000001h   
CTRL_MASK  . . . . . . . . . . .	Number	 0000000Ch   
CreateFile . . . . . . . . . . .	Text   	 CreateFileA
DO_NOT_SHARE . . . . . . . . . .	Number	 00000000h   
ENABLE_ECHO_INPUT  . . . . . . .	Number	 00000004h   
ENABLE_LINE_INPUT  . . . . . . .	Number	 00000002h   
ENABLE_MOUSE_INPUT . . . . . . .	Number	 00000010h   
ENABLE_PROCESSED_INPUT . . . . .	Number	 00000001h   
ENABLE_PROCESSED_OUTPUT  . . . .	Number	 00000001h   
ENABLE_WINDOW_INPUT  . . . . . .	Number	 00000008h   
ENABLE_WRAP_AT_EOL_OUTPUT  . . .	Number	 00000002h   
ENHANCED_KEY . . . . . . . . . .	Number	 00000100h   
FALSE  . . . . . . . . . . . . .	Number	 00000000h   
FILE_APPEND_DATA . . . . . . . .	Number	 00000004h   
FILE_ATTRIBUTE_ARCHIVE . . . . .	Number	 00000020h   
FILE_ATTRIBUTE_COMPRESSED  . . .	Number	 00000800h   
FILE_ATTRIBUTE_DEVICE  . . . . .	Number	 00000040h   
FILE_ATTRIBUTE_DIRECTORY . . . .	Number	 00000010h   
FILE_ATTRIBUTE_ENCRYPTED . . . .	Number	 00004000h   
FILE_ATTRIBUTE_HIDDEN  . . . . .	Number	 00000002h   
FILE_ATTRIBUTE_NORMAL  . . . . .	Number	 00000080h   
FILE_ATTRIBUTE_NOT_CONTENT_INDEXED .	Number	 00002000h   
FILE_ATTRIBUTE_OFFLINE . . . . .	Number	 00001000h   
FILE_ATTRIBUTE_READONLY  . . . .	Number	 00000001h   
FILE_ATTRIBUTE_REPARSE_POINT . .	Number	 00000400h   
FILE_ATTRIBUTE_SPARSE_FILE . . .	Number	 00000200h   
FILE_ATTRIBUTE_SYSTEM  . . . . .	Number	 00000004h   
FILE_ATTRIBUTE_TEMPORARY . . . .	Number	 00000100h   
FILE_BEGIN . . . . . . . . . . .	Number	 00000000h   
FILE_CURRENT . . . . . . . . . .	Number	 00000001h   
FILE_DELETE_CHILD  . . . . . . .	Number	 00000040h   
FILE_END . . . . . . . . . . . .	Number	 00000002h   
FILE_READ_DATA . . . . . . . . .	Number	 00000001h   
FILE_SHARE_DELETE  . . . . . . .	Number	 00000004h   
FILE_SHARE_READ  . . . . . . . .	Number	 00000001h   
FILE_SHARE_WRITE . . . . . . . .	Number	 00000002h   
FILE_WRITE_DATA  . . . . . . . .	Number	 00000002h   
FOCUS_EVENT  . . . . . . . . . .	Number	 00000010h   
FORMAT_MESSAGE_ALLOCATE_BUFFER .	Number	 00000100h   
FORMAT_MESSAGE_FROM_SYSTEM . . .	Number	 00001000h   
FormatMessage  . . . . . . . . .	Text   	 FormatMessageA
GENERIC_ALL  . . . . . . . . . .	Number	 10000000h   
GENERIC_EXECUTE  . . . . . . . .	Number	 20000000h   
GENERIC_READ . . . . . . . . . .	Number	 -80000000h   
GENERIC_WRITE  . . . . . . . . .	Number	 40000000h   
GetCommandLine . . . . . . . . .	Text   	 GetCommandLineA
HANDLE . . . . . . . . . . . . .	Text   	 DWORD
HEAP_GENERATE_EXCEPTIONS . . . .	Number	 00000004h   
HEAP_GROWABLE  . . . . . . . . .	Number	 00000002h   
HEAP_NO_SERIALIZE  . . . . . . .	Number	 00000001h   
HEAP_REALLOC_IN_PLACE_ONLY . . .	Number	 00000010h   
HEAP_ZERO_MEMORY . . . . . . . .	Number	 00000008h   
HIGH_RAND  . . . . . . . . . . .	Number	 000003E7h   
IDABORT  . . . . . . . . . . . .	Number	 00000003h   
IDCANCEL . . . . . . . . . . . .	Number	 00000002h   
IDCLOSE  . . . . . . . . . . . .	Number	 00000008h   
IDCONTINUE . . . . . . . . . . .	Number	 0000000Bh   
IDHELP . . . . . . . . . . . . .	Number	 00000009h   
IDIGNORE . . . . . . . . . . . .	Number	 00000005h   
IDNO . . . . . . . . . . . . . .	Number	 00000007h   
IDOK . . . . . . . . . . . . . .	Number	 00000001h   
IDRETRY  . . . . . . . . . . . .	Number	 00000004h   
IDTIMEOUT  . . . . . . . . . . .	Number	 00007D00h   
IDTRYAGAIN . . . . . . . . . . .	Number	 0000000Ah   
IDYES  . . . . . . . . . . . . .	Number	 00000006h   
INVALID_HANDLE_VALUE . . . . . .	Number	 -00000001h   
KBDOWN_FLAG  . . . . . . . . . .	Number	 00000001h   
KEY_EVENT  . . . . . . . . . . .	Number	 00000001h   
KEY_MASKS  . . . . . . . . . . .	Number	 0000001Fh   
LEFT_ALT_PRESSED . . . . . . . .	Number	 00000002h   
LEFT_CTRL_PRESSED  . . . . . . .	Number	 00000008h   
LOW_RAND . . . . . . . . . . . .	Number	 00000064h   
MAX_REQUEST  . . . . . . . . . .	Number	 000000C8h   
MB_ABORTRETRYIGNORE  . . . . . .	Number	 00000002h   
MB_APPLMODAL . . . . . . . . . .	Number	 00000000h   
MB_CANCELTRYCONTINUE . . . . . .	Number	 00000006h   
MB_DEFBUTTON1  . . . . . . . . .	Number	 00000000h   
MB_DEFBUTTON2  . . . . . . . . .	Number	 00000100h   
MB_DEFBUTTON3  . . . . . . . . .	Number	 00000200h   
MB_DEFBUTTON4  . . . . . . . . .	Number	 00000300h   
MB_HELP  . . . . . . . . . . . .	Number	 00004000h   
MB_ICONASTERISK  . . . . . . . .	Number	 00000040h   
MB_ICONERROR . . . . . . . . . .	Number	 00000010h   
MB_ICONEXCLAMATION . . . . . . .	Number	 00000030h   
MB_ICONHAND  . . . . . . . . . .	Number	 00000010h   
MB_ICONINFORMATION . . . . . . .	Number	 00000040h   
MB_ICONQUESTION  . . . . . . . .	Number	 00000020h   
MB_ICONSTOP  . . . . . . . . . .	Number	 00000010h   
MB_ICONWARNING . . . . . . . . .	Number	 00000030h   
MB_OKCANCEL  . . . . . . . . . .	Number	 00000001h   
MB_OK  . . . . . . . . . . . . .	Number	 00000000h   
MB_RETRYCANCEL . . . . . . . . .	Number	 00000005h   
MB_SYSTEMMODAL . . . . . . . . .	Number	 00001000h   
MB_TASKMODAL . . . . . . . . . .	Number	 00002000h   
MB_USERICON  . . . . . . . . . .	Number	 00000080h   
MB_YESNOCANCEL . . . . . . . . .	Number	 00000003h   
MB_YESNO . . . . . . . . . . . .	Number	 00000004h   
MENU_EVENT . . . . . . . . . . .	Number	 00000008h   
MIN_REQUEST  . . . . . . . . . .	Number	 0000000Ah   
MOUSE_EVENT  . . . . . . . . . .	Number	 00000002h   
MessageBox . . . . . . . . . . .	Text   	 MessageBoxA
NULL . . . . . . . . . . . . . .	Number	 00000000h   
NUMLOCK_ON . . . . . . . . . . .	Number	 00000020h   
NUMS_PER_ROW . . . . . . . . . .	Number	 0000000Ah   
OPEN_ALWAYS  . . . . . . . . . .	Number	 00000004h   
OPEN_EXISTING  . . . . . . . . .	Number	 00000003h   
PeekConsoleInput . . . . . . . .	Text   	 PeekConsoleInputA
RIGHT_ALT_PRESSED  . . . . . . .	Number	 00000001h   
RIGHT_CTRL_PRESSED . . . . . . .	Number	 00000004h   
ReadConsoleInput . . . . . . . .	Text   	 ReadConsoleInputA
ReadConsole  . . . . . . . . . .	Text   	 ReadConsoleA
SCROLLLOCK_ON  . . . . . . . . .	Number	 00000040h   
SHIFT_MASK . . . . . . . . . . .	Number	 00000010h   
SHIFT_PRESSED  . . . . . . . . .	Number	 00000010h   
STD_ERROR_HANDLE . . . . . . . .	Number	 -0000000Ch   
STD_INPUT_HANDLE . . . . . . . .	Number	 -0000000Ah   
STD_OUTPUT_HANDLE  . . . . . . .	Number	 -0000000Bh   
SetConsoleTitle  . . . . . . . .	Text   	 SetConsoleTitleA
TAB  . . . . . . . . . . . . . .	Number	 00000009h   
TRUE . . . . . . . . . . . . . .	Number	 00000001h   
TRUNCATE_EXISTING  . . . . . . .	Number	 00000005h   
VK_11  . . . . . . . . . . . . .	Number	 000000BDh   
VK_12  . . . . . . . . . . . . .	Number	 000000BBh   
VK_ADD . . . . . . . . . . . . .	Number	 0000006Bh   
VK_BACK  . . . . . . . . . . . .	Number	 00000008h   
VK_CANCEL  . . . . . . . . . . .	Number	 00000003h   
VK_CAPITAL . . . . . . . . . . .	Number	 00000014h   
VK_CLEAR . . . . . . . . . . . .	Number	 0000000Ch   
VK_CONTROL . . . . . . . . . . .	Number	 00000011h   
VK_DECIMAL . . . . . . . . . . .	Number	 0000006Eh   
VK_DELETE  . . . . . . . . . . .	Number	 0000002Eh   
VK_DIVIDE  . . . . . . . . . . .	Number	 0000006Fh   
VK_DOWN  . . . . . . . . . . . .	Number	 00000028h   
VK_END . . . . . . . . . . . . .	Number	 00000023h   
VK_ESCAPE  . . . . . . . . . . .	Number	 0000001Bh   
VK_EXECUTE . . . . . . . . . . .	Number	 0000002Bh   
VK_F10 . . . . . . . . . . . . .	Number	 00000079h   
VK_F11 . . . . . . . . . . . . .	Number	 0000007Ah   
VK_F12 . . . . . . . . . . . . .	Number	 0000007Bh   
VK_F13 . . . . . . . . . . . . .	Number	 0000007Ch   
VK_F14 . . . . . . . . . . . . .	Number	 0000007Dh   
VK_F15 . . . . . . . . . . . . .	Number	 0000007Eh   
VK_F16 . . . . . . . . . . . . .	Number	 0000007Fh   
VK_F17 . . . . . . . . . . . . .	Number	 00000080h   
VK_F18 . . . . . . . . . . . . .	Number	 00000081h   
VK_F19 . . . . . . . . . . . . .	Number	 00000082h   
VK_F1  . . . . . . . . . . . . .	Number	 00000070h   
VK_F20 . . . . . . . . . . . . .	Number	 00000083h   
VK_F21 . . . . . . . . . . . . .	Number	 00000084h   
VK_F22 . . . . . . . . . . . . .	Number	 00000085h   
VK_F23 . . . . . . . . . . . . .	Number	 00000086h   
VK_F24 . . . . . . . . . . . . .	Number	 00000087h   
VK_F2  . . . . . . . . . . . . .	Number	 00000071h   
VK_F3  . . . . . . . . . . . . .	Number	 00000072h   
VK_F4  . . . . . . . . . . . . .	Number	 00000073h   
VK_F5  . . . . . . . . . . . . .	Number	 00000074h   
VK_F6  . . . . . . . . . . . . .	Number	 00000075h   
VK_F7  . . . . . . . . . . . . .	Number	 00000076h   
VK_F8  . . . . . . . . . . . . .	Number	 00000077h   
VK_F9  . . . . . . . . . . . . .	Number	 00000078h   
VK_HELP  . . . . . . . . . . . .	Number	 0000002Fh   
VK_HOME  . . . . . . . . . . . .	Number	 00000024h   
VK_INSERT  . . . . . . . . . . .	Number	 0000002Dh   
VK_LBUTTON . . . . . . . . . . .	Number	 00000001h   
VK_LCONTROL  . . . . . . . . . .	Number	 000000A2h   
VK_LEFT  . . . . . . . . . . . .	Number	 00000025h   
VK_LMENU . . . . . . . . . . . .	Number	 000000A4h   
VK_LSHIFT  . . . . . . . . . . .	Number	 000000A0h   
VK_MENU  . . . . . . . . . . . .	Number	 00000012h   
VK_MULTIPLY  . . . . . . . . . .	Number	 0000006Ah   
VK_NEXT  . . . . . . . . . . . .	Number	 00000022h   
VK_NUMLOCK . . . . . . . . . . .	Number	 00000090h   
VK_NUMPAD0 . . . . . . . . . . .	Number	 00000060h   
VK_NUMPAD1 . . . . . . . . . . .	Number	 00000061h   
VK_NUMPAD2 . . . . . . . . . . .	Number	 00000062h   
VK_NUMPAD3 . . . . . . . . . . .	Number	 00000063h   
VK_NUMPAD4 . . . . . . . . . . .	Number	 00000064h   
VK_NUMPAD5 . . . . . . . . . . .	Number	 00000065h   
VK_NUMPAD6 . . . . . . . . . . .	Number	 00000066h   
VK_NUMPAD7 . . . . . . . . . . .	Number	 00000067h   
VK_NUMPAD8 . . . . . . . . . . .	Number	 00000068h   
VK_NUMPAD9 . . . . . . . . . . .	Number	 00000069h   
VK_PAUSE . . . . . . . . . . . .	Number	 00000013h   
VK_PRINT . . . . . . . . . . . .	Number	 0000002Ah   
VK_PRIOR . . . . . . . . . . . .	Number	 00000021h   
VK_RBUTTON . . . . . . . . . . .	Number	 00000002h   
VK_RCONTROL  . . . . . . . . . .	Number	 000000A3h   
VK_RETURN  . . . . . . . . . . .	Number	 0000000Dh   
VK_RIGHT . . . . . . . . . . . .	Number	 00000027h   
VK_RMENU . . . . . . . . . . . .	Number	 000000A5h   
VK_RSHIFT  . . . . . . . . . . .	Number	 000000A1h   
VK_SCROLL  . . . . . . . . . . .	Number	 00000091h   
VK_SEPARATER . . . . . . . . . .	Number	 0000006Ch   
VK_SHIFT . . . . . . . . . . . .	Number	 00000010h   
VK_SNAPSHOT  . . . . . . . . . .	Number	 0000002Ch   
VK_SPACE . . . . . . . . . . . .	Number	 00000020h   
VK_SUBTRACT  . . . . . . . . . .	Number	 0000006Dh   
VK_TAB . . . . . . . . . . . . .	Number	 00000009h   
VK_UP  . . . . . . . . . . . . .	Number	 00000026h   
WINDOW_BUFFER_SIZE_EVENT . . . .	Number	 00000004h   
WriteConsoleOutputCharacter  . .	Text   	 WriteConsoleOutputCharacterA
WriteConsole . . . . . . . . . .	Text   	 WriteConsoleA
arrCount . . . . . . . . . . . .	DWord	 00000306 _DATA	
black  . . . . . . . . . . . . .	Number	 00000000h   
blue . . . . . . . . . . . . . .	Number	 00000001h   
brown  . . . . . . . . . . . . .	Number	 00000006h   
cyan . . . . . . . . . . . . . .	Number	 00000003h   
exit . . . . . . . . . . . . . .	Text   	 INVOKE ExitProcess,0
gray . . . . . . . . . . . . . .	Number	 00000008h   
green  . . . . . . . . . . . . .	Number	 00000002h   
inputErr . . . . . . . . . . . .	Byte	 00000158 _DATA	
intro1 . . . . . . . . . . . . .	Byte	 00000000 _DATA	
intro2 . . . . . . . . . . . . .	Byte	 00000069 _DATA	
intro3 . . . . . . . . . . . . .	Byte	 0000006F _DATA	
lightBlue  . . . . . . . . . . .	Number	 00000009h   
lightCyan  . . . . . . . . . . .	Number	 0000000Bh   
lightGray  . . . . . . . . . . .	Number	 00000007h   
lightGreen . . . . . . . . . . .	Number	 0000000Ah   
lightMagenta . . . . . . . . . .	Number	 0000000Dh   
lightRed . . . . . . . . . . . .	Number	 0000000Ch   
magenta  . . . . . . . . . . . .	Number	 00000005h   
numArray . . . . . . . . . . . .	Word	 00000176 _DATA	
prompt1  . . . . . . . . . . . .	Byte	 00000128 _DATA	
prompt2  . . . . . . . . . . . .	Byte	 0000014F _DATA	
prompt3  . . . . . . . . . . . .	Byte	 00000154 _DATA	
red  . . . . . . . . . . . . . .	Number	 00000004h   
request  . . . . . . . . . . . .	DWord	 00000172 _DATA	
white  . . . . . . . . . . . . .	Number	 0000000Fh   
wsprintf . . . . . . . . . . . .	Text   	 wsprintfA
yellow . . . . . . . . . . . . .	Number	 0000000Eh   

	   0 Warnings
	   0 Errors
